<?xml version="1.0" encoding="UTF-8"?>
<!-- Generated by org.testng.reporters.JUnitReportReporter -->
<testsuite hostname="LAPTOP-3VRRLTE0" failures="0" tests="1" name="com.xyz.qa.pages.AddCustomerPageTest" time="5.501" errors="0" timestamp="06 Mar 2024 21:09:30 GMT" skipped="0">
  <testcase classname="com.xyz.qa.pages.AddCustomerPageTest" name="addcustomerttest" time="5.501"/>
</testsuite> <!-- com.xyz.qa.pages.AddCustomerPageTest -->
