<?xml version="1.0" encoding="UTF-8"?>
<!-- Generated by org.testng.reporters.JUnitReportReporter -->
<testsuite hostname="LAPTOP-3VRRLTE0" failures="0" tests="3" name="com.xyz.qa.testcases.HomePageCheckingTest" time="10.838" errors="0" timestamp="08 Mar 2024 12:00:08 GMT" skipped="0">
  <testcase classname="com.xyz.qa.testcases.HomePageCheckingTest" name="loginPageTitleTest" time="2.511"/>
  <testcase classname="com.xyz.qa.testcases.HomePageCheckingTest" name="customerloginpage" time="4.308"/>
  <testcase classname="com.xyz.qa.testcases.HomePageCheckingTest" name="bankmanagerloginpage" time="4.019"/>
</testsuite> <!-- com.xyz.qa.testcases.HomePageCheckingTest -->
