<?xml version="1.0" encoding="UTF-8"?>
<!-- Generated by org.testng.reporters.JUnitReportReporter -->
<testsuite hostname="LAPTOP-3VRRLTE0" failures="0" tests="2" name="com.xyz.qa.testcases.WithdrawlPageTest" time="10.368" errors="0" timestamp="08 Mar 2024 12:00:08 GMT" skipped="0">
  <testcase classname="com.xyz.qa.testcases.WithdrawlPageTest" name="deposittest" time="5.299"/>
  <testcase classname="com.xyz.qa.testcases.WithdrawlPageTest" name="withdrawtest" time="5.069"/>
</testsuite> <!-- com.xyz.qa.testcases.WithdrawlPageTest -->
