<?xml version="1.0" encoding="UTF-8"?>
<!-- Generated by org.testng.reporters.JUnitReportReporter -->
<testsuite hostname="LAPTOP-3VRRLTE0" failures="0" tests="1" name="com.xyz.qa.testcases.BankManagerLoginPageTest" time="3.296" errors="0" timestamp="08 Mar 2024 12:00:08 GMT" skipped="0">
  <testcase classname="com.xyz.qa.testcases.BankManagerLoginPageTest" name="bankmanagerloginpagetest" time="3.296"/>
</testsuite> <!-- com.xyz.qa.testcases.BankManagerLoginPageTest -->
