<?xml version="1.0" encoding="UTF-8"?>
<!-- Generated by org.testng.reporters.JUnitReportReporter -->
<testsuite hostname="LAPTOP-3VRRLTE0" failures="0" tests="2" name="com.xyz.qa.testcases.DepositPageTest" time="8.984" errors="0" timestamp="08 Mar 2024 12:00:08 GMT" skipped="0">
  <testcase classname="com.xyz.qa.testcases.DepositPageTest" name="cuslgn" time="4.077"/>
  <testcase classname="com.xyz.qa.testcases.DepositPageTest" name="deposittets" time="4.907"/>
</testsuite> <!-- com.xyz.qa.testcases.DepositPageTest -->
